Hmm ... looks like a package
This is pdfTeX, Version 3.14159265-2.6-1.40.20 (TeX Live 2019/W32TeX) (preloaded format=pdflatex)
 restricted \write18 enabled.
entering extended mode
(./Rd2.tex
LaTeX2e <2020-02-02> patch level 5
L3 programming layer <2020-02-25>
(c:/Users/xiang/AppData/Roaming/TinyTeX/texmf-dist/tex/latex/base/book.cls
Document Class: book 2019/12/20 v1.4l Standard LaTeX document class
(c:/Users/xiang/AppData/Roaming/TinyTeX/texmf-dist/tex/latex/base/bk10.clo))
(d:/R/R-4.1.3/share/texmf/tex/latex/Rd.sty
(c:/Users/xiang/AppData/Roaming/TinyTeX/texmf-dist/tex/latex/base/ifthen.sty)
(c:/Users/xiang/AppData/Roaming/TinyTeX/texmf-dist/tex/latex/tools/longtable.st
y) (c:/Users/xiang/AppData/Roaming/TinyTeX/texmf-dist/tex/latex/tools/bm.sty)
(c:/Users/xiang/AppData/Roaming/TinyTeX/texmf-dist/tex/latex/base/alltt.sty)
(c:/Users/xiang/AppData/Roaming/TinyTeX/texmf-dist/tex/latex/tools/verbatim.sty
) (c:/Users/xiang/AppData/Roaming/TinyTeX/texmf-dist/tex/latex/url/url.sty)
(c:/Users/xiang/AppData/Roaming/TinyTeX/texmf-dist/tex/latex/base/textcomp.sty)
)
(c:/Users/xiang/AppData/Roaming/TinyTeX/texmf-dist/tex/latex/base/inputenc.sty)

(c:/Users/xiang/AppData/Roaming/TinyTeX/texmf-dist/tex/latex/l3backend/l3backen
d-pdfmode.def)
No file Rd2.aux.

LaTeX Font Warning: Font shape `OML/cmtt/m/n' undefined
(Font)              using `OML/cmm/m/it' instead
(Font)              for symbol `textless' on input line 19.

No file Rd2.toc.
[1{c:/Users/xiang/AppData/Roaming/TinyTeX/texmf-var/fonts/map/pdftex/updmap/pdf
tex.map}] [2] (./Rd2.aux)mkdir D:/OneDriveSyn/OneDrive/?? error.
Failed to access D:/OneDriveSyn/OneDrive/??/.TinyTeX/texmf-var.
Cannot get destination directory name.


LaTeX Font Warning: Some font shapes were not available, defaults substituted.

 )
!pdfTeX error: pdflatex.exe (file tcrm1000): Font tcrm1000 at 600 not found
 ==> Fatal error occurred, no output PDF file produced!

kpathsea: Running mktexpk --mfmode / --bdpi 600 --mag 1+0/600 --dpi 600 tcrm1000

The command name is C:\Users\xiang\AppData\Roaming\TinyTeX\bin\win32\mktexpk
kpathsea: Appending font creation commands to missfont.log.
Error in texi2dvi(file = file, pdf = TRUE, clean = clean, quiet = quiet,  : 
  unable to run pdflatex on 'Rd2.tex'
LaTeX errors:
!pdfTeX error: pdflatex.exe (file tcrm1000): Font tcrm1000 at 600 not found
 ==> Fatal error occurred, no output PDF file produced!
This is pdfTeX, Version 3.14159265-2.6-1.40.20 (TeX Live 2019/W32TeX) (preloaded format=pdflatex)
 restricted \write18 enabled.
entering extended mode
(./Rd2.tex
LaTeX2e <2020-02-02> patch level 5
L3 programming layer <2020-02-25>
(c:/Users/xiang/AppData/Roaming/TinyTeX/texmf-dist/tex/latex/base/book.cls
Document Class: book 2019/12/20 v1.4l Standard LaTeX document class
(c:/Users/xiang/AppData/Roaming/TinyTeX/texmf-dist/tex/latex/base/bk10.clo))
(d:/R/R-4.1.3/share/texmf/tex/latex/Rd.sty
(c:/Users/xiang/AppData/Roaming/TinyTeX/texmf-dist/tex/latex/base/ifthen.sty)
(c:/Users/xiang/AppData/Roaming/TinyTeX/texmf-dist/tex/latex/tools/longtable.st
y) (c:/Users/xiang/AppData/Roaming/TinyTeX/texmf-dist/tex/latex/tools/bm.sty)
(c:/Users/xiang/AppData/Roaming/TinyTeX/texmf-dist/tex/latex/base/alltt.sty)
(c:/Users/xiang/AppData/Roaming/TinyTeX/texmf-dist/tex/latex/tools/verbatim.sty
) (c:/Users/xiang/AppData/Roaming/TinyTeX/texmf-dist/tex/latex/url/url.sty)
(c:/Users/xiang/AppData/Roaming/TinyTeX/texmf-dist/tex/latex/base/textcomp.sty)
)
(c:/Users/xiang/AppData/Roaming/TinyTeX/texmf-dist/tex/latex/base/inputenc.sty)

(c:/Users/xiang/AppData/Roaming/TinyTeX/texmf-dist/tex/latex/l3backend/l3backen
d-pdfmode.def) (./Rd2.aux)

LaTeX Font Warning: Font shape `OML/cmtt/m/n' undefined
(Font)              using `OML/cmm/m/it' instead
(Font)              for symbol `textless' on input line 19.

(./Rd2.toc) [1{c:/Users/xiang/AppData/Roaming/TinyTeX/texmf-var/fonts/map/pdfte
x/updmap/pdftex.map}] [2] (./Rd2.aux)mkdir D:/OneDriveSyn/OneDrive/?? error.
Failed to access D:/OneDriveSyn/OneDrive/??/.TinyTeX/texmf-var.
Cannot get destination directory name.


LaTeX Font Warning: Some font shapes were not available, defaults substituted.

 )
!pdfTeX error: pdflatex.exe (file tcrm1000): Font tcrm1000 at 600 not found
 ==> Fatal error occurred, no output PDF file produced!

kpathsea: Running mktexpk --mfmode / --bdpi 600 --mag 1+0/600 --dpi 600 tcrm1000

The command name is C:\Users\xiang\AppData\Roaming\TinyTeX\bin\win32\mktexpk
kpathsea: Appending font creation commands to missfont.log.
Error in texi2dvi(file = file, pdf = TRUE, clean = clean, quiet = quiet,  : 
  unable to run pdflatex on 'Rd2.tex'
LaTeX errors:
!pdfTeX error: pdflatex.exe (file tcrm1000): Font tcrm1000 at 600 not found
 ==> Fatal error occurred, no output PDF file produced!
Error in running tools::texi2pdf()
You may want to clean up by 'rm -Rf D:/Temp/User/Rtmp0a6AX5/Rd2pdf423c5bc068dd'
